2024/04/14 07:45:02 [notice] 1#1: using the "epoll" event method
2024/04/14 07:45:02 [notice] 1#1: nginx/1.25.4
2024/04/14 07:45:02 [notice] 1#1: built by gcc 12.2.0 (Debian 12.2.0-14) 
2024/04/14 07:45:02 [notice] 1#1: OS: Linux 5.10.102.1-microsoft-standard-WSL2
2024/04/14 07:45:02 [notice] 1#1: getrlimit(RLIMIT_NOFILE): 1048576:1048576
2024/04/14 07:45:02 [notice] 1#1: start worker processes
2024/04/14 07:45:02 [notice] 1#1: start worker process 28
2024/04/14 07:45:02 [notice] 1#1: start worker process 29
2024/04/14 07:45:02 [notice] 1#1: start worker process 30
2024/04/14 07:45:02 [notice] 1#1: start worker process 31
2024/04/14 07:45:02 [notice] 1#1: start worker process 32
2024/04/14 07:45:02 [notice] 1#1: start worker process 33
2024/04/14 07:45:02 [notice] 1#1: start worker process 34
2024/04/14 07:45:02 [notice] 1#1: start worker process 35
2024/04/14 07:45:48 [notice] 1#1: signal 3 (SIGQUIT) received, shutting down
2024/04/14 07:45:48 [notice] 28#28: gracefully shutting down
2024/04/14 07:45:48 [notice] 29#29: gracefully shutting down
2024/04/14 07:45:48 [notice] 30#30: gracefully shutting down
2024/04/14 07:45:48 [notice] 31#31: gracefully shutting down
2024/04/14 07:45:48 [notice] 31#31: exiting
2024/04/14 07:45:48 [notice] 32#32: gracefully shutting down
2024/04/14 07:45:48 [notice] 34#34: gracefully shutting down
2024/04/14 07:45:48 [notice] 34#34: exiting
2024/04/14 07:45:48 [notice] 33#33: gracefully shutting down
2024/04/14 07:45:48 [notice] 33#33: exiting
2024/04/14 07:45:48 [notice] 35#35: gracefully shutting down
2024/04/14 07:45:48 [notice] 35#35: exiting
2024/04/14 07:45:48 [notice] 29#29: exiting
2024/04/14 07:45:48 [notice] 30#30: exiting
2024/04/14 07:45:48 [notice] 31#31: exit
2024/04/14 07:45:48 [notice] 32#32: exiting
2024/04/14 07:45:48 [notice] 34#34: exit
2024/04/14 07:45:48 [notice] 33#33: exit
2024/04/14 07:45:48 [notice] 35#35: exit
2024/04/14 07:45:48 [notice] 29#29: exit
2024/04/14 07:45:48 [notice] 30#30: exit
2024/04/14 07:45:48 [notice] 32#32: exit
2024/04/14 07:45:48 [notice] 1#1: signal 17 (SIGCHLD) received from 34
2024/04/14 07:45:48 [notice] 1#1: worker process 34 exited with code 0
2024/04/14 07:45:48 [notice] 1#1: signal 29 (SIGIO) received
2024/04/14 07:45:48 [notice] 1#1: signal 17 (SIGCHLD) received from 35
2024/04/14 07:45:48 [notice] 1#1: worker process 29 exited with code 0
2024/04/14 07:45:48 [notice] 1#1: worker process 35 exited with code 0
2024/04/14 07:45:48 [notice] 1#1: signal 29 (SIGIO) received
2024/04/14 07:45:48 [notice] 1#1: signal 17 (SIGCHLD) received from 32
2024/04/14 07:45:48 [notice] 1#1: worker process 32 exited with code 0
2024/04/14 07:45:48 [notice] 1#1: signal 29 (SIGIO) received
2024/04/14 07:45:48 [notice] 1#1: signal 17 (SIGCHLD) received from 30
2024/04/14 07:45:48 [notice] 1#1: worker process 30 exited with code 0
2024/04/14 07:45:48 [notice] 1#1: worker process 31 exited with code 0
2024/04/14 07:45:48 [notice] 1#1: signal 29 (SIGIO) received
2024/04/14 07:45:48 [notice] 1#1: signal 17 (SIGCHLD) received from 33
2024/04/14 07:45:48 [notice] 1#1: worker process 33 exited with code 0
2024/04/14 07:45:48 [notice] 1#1: signal 29 (SIGIO) received
2024/04/14 07:51:06 [notice] 1#1: using the "epoll" event method
2024/04/14 07:51:06 [notice] 1#1: nginx/1.25.4
2024/04/14 07:51:06 [notice] 1#1: built by gcc 12.2.0 (Debian 12.2.0-14) 
2024/04/14 07:51:06 [notice] 1#1: OS: Linux 5.10.102.1-microsoft-standard-WSL2
2024/04/14 07:51:06 [notice] 1#1: getrlimit(RLIMIT_NOFILE): 1048576:1048576
2024/04/14 07:51:06 [notice] 1#1: start worker processes
2024/04/14 07:51:06 [notice] 1#1: start worker process 28
2024/04/14 07:51:06 [notice] 1#1: start worker process 29
2024/04/14 07:51:06 [notice] 1#1: start worker process 30
2024/04/14 07:51:06 [notice] 1#1: start worker process 31
2024/04/14 07:51:06 [notice] 1#1: start worker process 32
2024/04/14 07:51:06 [notice] 1#1: start worker process 33
2024/04/14 07:51:06 [notice] 1#1: start worker process 34
2024/04/14 07:51:06 [notice] 1#1: start worker process 35
2024/04/14 07:51:53 [notice] 1#1: signal 3 (SIGQUIT) received, shutting down
2024/04/14 07:51:53 [notice] 28#28: gracefully shutting down
2024/04/14 07:51:53 [notice] 29#29: gracefully shutting down
2024/04/14 07:51:53 [notice] 30#30: gracefully shutting down
2024/04/14 07:51:53 [notice] 31#31: gracefully shutting down
2024/04/14 07:51:53 [notice] 32#32: gracefully shutting down
2024/04/14 07:51:53 [notice] 33#33: gracefully shutting down
2024/04/14 07:51:53 [notice] 33#33: exiting
2024/04/14 07:51:53 [notice] 34#34: gracefully shutting down
2024/04/14 07:51:53 [notice] 35#35: gracefully shutting down
2024/04/14 07:51:53 [notice] 28#28: exiting
2024/04/14 07:51:53 [notice] 30#30: exiting
2024/04/14 07:51:53 [notice] 31#31: exiting
2024/04/14 07:51:53 [notice] 32#32: exiting
2024/04/14 07:51:53 [notice] 33#33: exit
2024/04/14 07:51:53 [notice] 34#34: exiting
2024/04/14 07:51:53 [notice] 35#35: exiting
2024/04/14 07:51:53 [notice] 28#28: exit
2024/04/14 07:51:53 [notice] 30#30: exit
2024/04/14 07:51:53 [notice] 31#31: exit
2024/04/14 07:51:53 [notice] 32#32: exit
2024/04/14 07:51:53 [notice] 34#34: exit
2024/04/14 07:51:53 [notice] 35#35: exit
2024/04/14 07:51:53 [notice] 1#1: signal 17 (SIGCHLD) received from 31
2024/04/14 07:51:53 [notice] 1#1: worker process 28 exited with code 0
2024/04/14 07:51:53 [notice] 1#1: worker process 31 exited with code 0
2024/04/14 07:51:53 [notice] 1#1: worker process 34 exited with code 0
2024/04/14 07:51:53 [notice] 1#1: signal 29 (SIGIO) received
2024/04/14 07:51:53 [notice] 1#1: signal 17 (SIGCHLD) received from 35
2024/04/14 07:51:53 [notice] 1#1: worker process 30 exited with code 0
2024/04/14 07:51:53 [notice] 1#1: worker process 35 exited with code 0
2024/04/14 07:51:53 [notice] 1#1: signal 29 (SIGIO) received
2024/04/14 07:51:53 [notice] 1#1: signal 17 (SIGCHLD) received from 32
2024/04/14 07:51:53 [notice] 1#1: worker process 32 exited with code 0
2024/04/14 07:51:53 [notice] 1#1: signal 29 (SIGIO) received
2024/04/14 07:51:53 [notice] 1#1: signal 17 (SIGCHLD) received from 33
2024/04/14 07:51:53 [notice] 1#1: worker process 33 exited with code 0
2024/04/14 07:51:53 [notice] 1#1: signal 29 (SIGIO) received
2024/04/14 07:52:11 [notice] 1#1: using the "epoll" event method
2024/04/14 07:52:11 [notice] 1#1: nginx/1.25.4
2024/04/14 07:52:11 [notice] 1#1: built by gcc 12.2.0 (Debian 12.2.0-14) 
2024/04/14 07:52:11 [notice] 1#1: OS: Linux 5.10.102.1-microsoft-standard-WSL2
2024/04/14 07:52:11 [notice] 1#1: getrlimit(RLIMIT_NOFILE): 1048576:1048576
2024/04/14 07:52:11 [notice] 1#1: start worker processes
2024/04/14 07:52:11 [notice] 1#1: start worker process 28
2024/04/14 07:52:11 [notice] 1#1: start worker process 29
2024/04/14 07:52:11 [notice] 1#1: start worker process 30
2024/04/14 07:52:11 [notice] 1#1: start worker process 31
2024/04/14 07:52:11 [notice] 1#1: start worker process 32
2024/04/14 07:52:11 [notice] 1#1: start worker process 33
2024/04/14 07:52:11 [notice] 1#1: start worker process 34
2024/04/14 07:52:11 [notice] 1#1: start worker process 35
2024/04/14 07:56:56 [notice] 1#1: signal 3 (SIGQUIT) received, shutting down
2024/04/14 07:56:56 [notice] 28#28: gracefully shutting down
2024/04/14 07:56:56 [notice] 29#29: gracefully shutting down
2024/04/14 07:56:56 [notice] 30#30: gracefully shutting down
2024/04/14 07:56:56 [notice] 31#31: gracefully shutting down
2024/04/14 07:56:56 [notice] 32#32: gracefully shutting down
2024/04/14 07:56:56 [notice] 33#33: gracefully shutting down
2024/04/14 07:56:56 [notice] 34#34: gracefully shutting down
2024/04/14 07:56:56 [notice] 35#35: gracefully shutting down
2024/04/14 07:56:56 [notice] 28#28: exiting
2024/04/14 07:56:56 [notice] 29#29: exiting
2024/04/14 07:56:56 [notice] 30#30: exiting
2024/04/14 07:56:56 [notice] 31#31: exiting
2024/04/14 07:56:56 [notice] 32#32: exiting
2024/04/14 07:56:56 [notice] 33#33: exiting
2024/04/14 07:56:56 [notice] 34#34: exiting
2024/04/14 07:56:56 [notice] 35#35: exiting
2024/04/14 07:56:56 [notice] 28#28: exit
2024/04/14 07:56:56 [notice] 29#29: exit
2024/04/14 07:56:56 [notice] 30#30: exit
2024/04/14 07:56:56 [notice] 31#31: exit
2024/04/14 07:56:56 [notice] 32#32: exit
2024/04/14 07:56:56 [notice] 33#33: exit
2024/04/14 07:56:56 [notice] 34#34: exit
2024/04/14 07:56:56 [notice] 35#35: exit
2024/04/14 07:56:56 [notice] 1#1: signal 17 (SIGCHLD) received from 35
2024/04/14 07:56:56 [notice] 1#1: worker process 29 exited with code 0
2024/04/14 07:56:56 [notice] 1#1: worker process 30 exited with code 0
2024/04/14 07:56:56 [notice] 1#1: worker process 31 exited with code 0
2024/04/14 07:56:56 [notice] 1#1: worker process 32 exited with code 0
2024/04/14 07:56:56 [notice] 1#1: worker process 34 exited with code 0
2024/04/14 07:56:56 [notice] 1#1: worker process 35 exited with code 0
2024/04/14 07:56:56 [notice] 1#1: signal 29 (SIGIO) received
2024/04/14 07:56:56 [notice] 1#1: signal 17 (SIGCHLD) received from 30
2024/04/14 07:56:56 [notice] 1#1: signal 17 (SIGCHLD) received from 33
2024/04/14 07:56:56 [notice] 1#1: worker process 28 exited with code 0
2024/04/14 07:56:56 [notice] 1#1: worker process 33 exited with code 0
2024/04/14 07:56:56 [notice] 1#1: exit
2024/04/14 07:57:35 [notice] 1#1: using the "epoll" event method
2024/04/14 07:57:35 [notice] 1#1: nginx/1.25.4
2024/04/14 07:57:35 [notice] 1#1: built by gcc 12.2.0 (Debian 12.2.0-14) 
2024/04/14 07:57:35 [notice] 1#1: OS: Linux 5.10.102.1-microsoft-standard-WSL2
2024/04/14 07:57:35 [notice] 1#1: getrlimit(RLIMIT_NOFILE): 1048576:1048576
2024/04/14 07:57:35 [notice] 1#1: start worker processes
2024/04/14 07:57:35 [notice] 1#1: start worker process 28
2024/04/14 07:57:35 [notice] 1#1: start worker process 29
2024/04/14 07:57:35 [notice] 1#1: start worker process 30
2024/04/14 07:57:35 [notice] 1#1: start worker process 31
2024/04/14 07:57:35 [notice] 1#1: start worker process 32
2024/04/14 07:57:35 [notice] 1#1: start worker process 33
2024/04/14 07:57:35 [notice] 1#1: start worker process 34
2024/04/14 07:57:35 [notice] 1#1: start worker process 35
2024/04/14 07:57:54 [notice] 1#1: signal 3 (SIGQUIT) received, shutting down
2024/04/14 07:57:54 [notice] 28#28: gracefully shutting down
2024/04/14 07:57:54 [notice] 30#30: gracefully shutting down
2024/04/14 07:57:54 [notice] 29#29: gracefully shutting down
2024/04/14 07:57:54 [notice] 31#31: gracefully shutting down
2024/04/14 07:57:54 [notice] 31#31: exiting
2024/04/14 07:57:54 [notice] 32#32: gracefully shutting down
2024/04/14 07:57:54 [notice] 34#34: gracefully shutting down
2024/04/14 07:57:54 [notice] 33#33: gracefully shutting down
2024/04/14 07:57:54 [notice] 35#35: gracefully shutting down
2024/04/14 07:57:54 [notice] 28#28: exiting
2024/04/14 07:57:54 [notice] 30#30: exiting
2024/04/14 07:57:54 [notice] 31#31: exit
2024/04/14 07:57:54 [notice] 32#32: exiting
2024/04/14 07:57:54 [notice] 34#34: exiting
2024/04/14 07:57:54 [notice] 33#33: exiting
2024/04/14 07:57:54 [notice] 35#35: exiting
2024/04/14 07:57:54 [notice] 28#28: exit
2024/04/14 07:57:54 [notice] 30#30: exit
2024/04/14 07:57:54 [notice] 32#32: exit
2024/04/14 07:57:54 [notice] 34#34: exit
2024/04/14 07:57:54 [notice] 33#33: exit
2024/04/14 07:57:54 [notice] 35#35: exit
2024/04/14 07:57:54 [notice] 1#1: signal 17 (SIGCHLD) received from 34
2024/04/14 07:57:54 [notice] 1#1: worker process 28 exited with code 0
2024/04/14 07:57:54 [notice] 1#1: worker process 30 exited with code 0
2024/04/14 07:57:54 [notice] 1#1: worker process 31 exited with code 0
2024/04/14 07:57:54 [notice] 1#1: worker process 32 exited with code 0
2024/04/14 07:57:54 [notice] 1#1: worker process 33 exited with code 0
2024/04/14 07:57:54 [notice] 1#1: worker process 34 exited with code 0
2024/04/14 07:57:54 [notice] 1#1: worker process 35 exited with code 0
2024/04/14 07:57:54 [notice] 1#1: signal 29 (SIGIO) received
2024/04/14 07:58:30 [notice] 1#1: using the "epoll" event method
2024/04/14 07:58:30 [notice] 1#1: nginx/1.25.4
2024/04/14 07:58:30 [notice] 1#1: built by gcc 12.2.0 (Debian 12.2.0-14) 
2024/04/14 07:58:30 [notice] 1#1: OS: Linux 5.10.102.1-microsoft-standard-WSL2
2024/04/14 07:58:30 [notice] 1#1: getrlimit(RLIMIT_NOFILE): 1048576:1048576
2024/04/14 07:58:30 [notice] 1#1: start worker processes
2024/04/14 07:58:30 [notice] 1#1: start worker process 28
2024/04/14 07:58:30 [notice] 1#1: start worker process 29
2024/04/14 07:58:30 [notice] 1#1: start worker process 30
2024/04/14 07:58:30 [notice] 1#1: start worker process 31
2024/04/14 07:58:30 [notice] 1#1: start worker process 32
2024/04/14 07:58:30 [notice] 1#1: start worker process 33
2024/04/14 07:58:30 [notice] 1#1: start worker process 34
2024/04/14 07:58:30 [notice] 1#1: start worker process 35
2024/04/14 08:27:40 [emerg] 43#43: bind() to 0.0.0.0:80 failed (98: Address already in use)
2024/04/14 08:27:40 [notice] 43#43: try again to bind() after 500ms
2024/04/14 08:27:40 [emerg] 43#43: bind() to 0.0.0.0:80 failed (98: Address already in use)
2024/04/14 08:27:40 [notice] 43#43: try again to bind() after 500ms
2024/04/14 08:27:40 [emerg] 43#43: bind() to 0.0.0.0:80 failed (98: Address already in use)
2024/04/14 08:27:40 [notice] 43#43: try again to bind() after 500ms
2024/04/14 08:27:40 [emerg] 43#43: bind() to 0.0.0.0:80 failed (98: Address already in use)
2024/04/14 08:27:40 [notice] 43#43: try again to bind() after 500ms
2024/04/14 08:27:40 [emerg] 43#43: bind() to 0.0.0.0:80 failed (98: Address already in use)
2024/04/14 08:27:40 [notice] 43#43: try again to bind() after 500ms
2024/04/14 08:27:40 [emerg] 43#43: still could not bind()
2024/04/14 08:28:53 [notice] 1#1: signal 3 (SIGQUIT) received, shutting down
2024/04/14 08:28:53 [notice] 28#28: gracefully shutting down
2024/04/14 08:28:53 [notice] 29#29: gracefully shutting down
2024/04/14 08:28:53 [notice] 32#32: gracefully shutting down
2024/04/14 08:28:53 [notice] 33#33: gracefully shutting down
2024/04/14 08:28:53 [notice] 30#30: gracefully shutting down
2024/04/14 08:28:53 [notice] 34#34: gracefully shutting down
2024/04/14 08:28:53 [notice] 35#35: gracefully shutting down
2024/04/14 08:28:53 [notice] 31#31: gracefully shutting down
2024/04/14 08:28:53 [notice] 28#28: exiting
2024/04/14 08:28:53 [notice] 29#29: exiting
2024/04/14 08:28:53 [notice] 32#32: exiting
2024/04/14 08:28:53 [notice] 33#33: exiting
2024/04/14 08:28:53 [notice] 30#30: exiting
2024/04/14 08:28:53 [notice] 34#34: exiting
2024/04/14 08:28:53 [notice] 35#35: exiting
2024/04/14 08:28:53 [notice] 31#31: exiting
2024/04/14 08:28:53 [notice] 28#28: exit
2024/04/14 08:28:53 [notice] 29#29: exit
2024/04/14 08:28:53 [notice] 32#32: exit
2024/04/14 08:28:53 [notice] 33#33: exit
2024/04/14 08:28:53 [notice] 30#30: exit
2024/04/14 08:28:53 [notice] 34#34: exit
2024/04/14 08:28:53 [notice] 35#35: exit
2024/04/14 08:28:53 [notice] 31#31: exit
2024/04/14 08:28:53 [notice] 1#1: signal 17 (SIGCHLD) received from 35
2024/04/14 08:28:53 [notice] 1#1: worker process 32 exited with code 0
2024/04/14 08:28:53 [notice] 1#1: worker process 35 exited with code 0
2024/04/14 08:28:53 [notice] 1#1: signal 29 (SIGIO) received
2024/04/14 08:28:53 [notice] 1#1: signal 17 (SIGCHLD) received from 32
2024/04/14 08:28:53 [notice] 1#1: signal 17 (SIGCHLD) received from 30
2024/04/14 08:28:53 [notice] 1#1: worker process 30 exited with code 0
2024/04/14 08:28:53 [notice] 1#1: worker process 33 exited with code 0
2024/04/14 08:28:53 [notice] 1#1: signal 29 (SIGIO) received
2024/04/14 08:28:53 [notice] 1#1: signal 17 (SIGCHLD) received from 29
2024/04/14 08:28:53 [notice] 1#1: worker process 29 exited with code 0
2024/04/14 08:28:53 [notice] 1#1: worker process 34 exited with code 0
2024/04/14 08:28:53 [notice] 1#1: signal 29 (SIGIO) received
2024/04/14 08:28:53 [notice] 1#1: signal 17 (SIGCHLD) received from 28
2024/04/14 08:28:53 [notice] 1#1: worker process 28 exited with code 0
2024/04/14 08:28:53 [notice] 1#1: worker process 31 exited with code 0
2024/04/14 08:28:53 [notice] 1#1: exit
2024/04/14 08:29:06 [notice] 1#1: using the "epoll" event method
2024/04/14 08:29:06 [notice] 1#1: nginx/1.25.4
2024/04/14 08:29:06 [notice] 1#1: built by gcc 12.2.0 (Debian 12.2.0-14) 
2024/04/14 08:29:06 [notice] 1#1: OS: Linux 5.10.102.1-microsoft-standard-WSL2
2024/04/14 08:29:06 [notice] 1#1: getrlimit(RLIMIT_NOFILE): 1048576:1048576
2024/04/14 08:29:06 [notice] 1#1: start worker processes
2024/04/14 08:29:06 [notice] 1#1: start worker process 28
2024/04/14 08:29:06 [notice] 1#1: start worker process 29
2024/04/14 08:29:06 [notice] 1#1: start worker process 30
2024/04/14 08:29:06 [notice] 1#1: start worker process 31
2024/04/14 08:29:06 [notice] 1#1: start worker process 32
2024/04/14 08:29:06 [notice] 1#1: start worker process 33
2024/04/14 08:29:06 [notice] 1#1: start worker process 34
2024/04/14 08:29:06 [notice] 1#1: start worker process 35
2024/04/14 08:38:44 [notice] 1#1: signal 3 (SIGQUIT) received, shutting down
2024/04/14 08:38:44 [notice] 29#29: gracefully shutting down
2024/04/14 08:38:44 [notice] 28#28: gracefully shutting down
2024/04/14 08:38:44 [notice] 30#30: gracefully shutting down
2024/04/14 08:38:44 [notice] 30#30: exiting
2024/04/14 08:38:44 [notice] 31#31: gracefully shutting down
2024/04/14 08:38:44 [notice] 32#32: gracefully shutting down
2024/04/14 08:38:44 [notice] 33#33: gracefully shutting down
2024/04/14 08:38:44 [notice] 34#34: gracefully shutting down
2024/04/14 08:38:44 [notice] 34#34: exiting
2024/04/14 08:38:44 [notice] 35#35: gracefully shutting down
2024/04/14 08:38:44 [notice] 29#29: exiting
2024/04/14 08:38:44 [notice] 28#28: exiting
2024/04/14 08:38:44 [notice] 30#30: exit
2024/04/14 08:38:44 [notice] 31#31: exiting
2024/04/14 08:38:44 [notice] 32#32: exiting
2024/04/14 08:38:44 [notice] 33#33: exiting
2024/04/14 08:38:44 [notice] 34#34: exit
2024/04/14 08:38:44 [notice] 35#35: exiting
2024/04/14 08:38:44 [notice] 29#29: exit
2024/04/14 08:38:44 [notice] 28#28: exit
2024/04/14 08:38:44 [notice] 31#31: exit
2024/04/14 08:38:44 [notice] 32#32: exit
2024/04/14 08:38:44 [notice] 33#33: exit
2024/04/14 08:38:44 [notice] 35#35: exit
2024/04/14 08:38:44 [notice] 1#1: signal 17 (SIGCHLD) received from 28
2024/04/14 08:38:44 [notice] 1#1: worker process 28 exited with code 0
2024/04/14 08:38:44 [notice] 1#1: signal 29 (SIGIO) received
2024/04/14 08:38:44 [notice] 1#1: signal 17 (SIGCHLD) received from 30
2024/04/14 08:38:44 [notice] 1#1: worker process 30 exited with code 0
2024/04/14 08:38:44 [notice] 1#1: signal 29 (SIGIO) received
2024/04/14 08:38:44 [notice] 1#1: signal 17 (SIGCHLD) received from 35
2024/04/14 08:38:44 [notice] 1#1: worker process 29 exited with code 0
2024/04/14 08:38:44 [notice] 1#1: worker process 31 exited with code 0
2024/04/14 08:38:44 [notice] 1#1: worker process 33 exited with code 0
2024/04/14 08:38:44 [notice] 1#1: worker process 34 exited with code 0
2024/04/14 08:38:44 [notice] 1#1: worker process 35 exited with code 0
2024/04/14 08:38:44 [notice] 1#1: signal 29 (SIGIO) received
2024/04/14 08:38:44 [notice] 1#1: signal 17 (SIGCHLD) received from 29
2024/04/14 08:38:44 [notice] 1#1: signal 17 (SIGCHLD) received from 32
2024/04/14 08:38:44 [notice] 1#1: worker process 32 exited with code 0
2024/04/14 08:38:44 [notice] 1#1: exit
2024/04/14 08:38:52 [notice] 1#1: using the "epoll" event method
2024/04/14 08:38:52 [notice] 1#1: nginx/1.25.4
2024/04/14 08:38:52 [notice] 1#1: built by gcc 12.2.0 (Debian 12.2.0-14) 
2024/04/14 08:38:52 [notice] 1#1: OS: Linux 5.10.102.1-microsoft-standard-WSL2
2024/04/14 08:38:52 [notice] 1#1: getrlimit(RLIMIT_NOFILE): 1048576:1048576
2024/04/14 08:38:52 [notice] 1#1: start worker processes
2024/04/14 08:38:52 [notice] 1#1: start worker process 28
2024/04/14 08:38:52 [notice] 1#1: start worker process 29
2024/04/14 08:38:52 [notice] 1#1: start worker process 30
2024/04/14 08:38:52 [notice] 1#1: start worker process 31
2024/04/14 08:38:52 [notice] 1#1: start worker process 32
2024/04/14 08:38:52 [notice] 1#1: start worker process 33
2024/04/14 08:38:52 [notice] 1#1: start worker process 34
2024/04/14 08:38:52 [notice] 1#1: start worker process 35
2024/04/14 08:39:32 [notice] 1#1: signal 3 (SIGQUIT) received, shutting down
2024/04/14 08:39:32 [notice] 28#28: gracefully shutting down
2024/04/14 08:39:32 [notice] 30#30: gracefully shutting down
2024/04/14 08:39:32 [notice] 29#29: gracefully shutting down
2024/04/14 08:39:32 [notice] 31#31: gracefully shutting down
2024/04/14 08:39:32 [notice] 32#32: gracefully shutting down
2024/04/14 08:39:32 [notice] 33#33: gracefully shutting down
2024/04/14 08:39:32 [notice] 34#34: gracefully shutting down
2024/04/14 08:39:32 [notice] 35#35: gracefully shutting down
2024/04/14 08:39:32 [notice] 35#35: exiting
2024/04/14 08:39:32 [notice] 28#28: exiting
2024/04/14 08:39:32 [notice] 30#30: exiting
2024/04/14 08:39:32 [notice] 31#31: exiting
2024/04/14 08:39:32 [notice] 32#32: exiting
2024/04/14 08:39:32 [notice] 33#33: exiting
2024/04/14 08:39:32 [notice] 34#34: exiting
2024/04/14 08:39:32 [notice] 35#35: exit
2024/04/14 08:39:32 [notice] 28#28: exit
2024/04/14 08:39:32 [notice] 30#30: exit
2024/04/14 08:39:32 [notice] 32#32: exit
2024/04/14 08:39:32 [notice] 31#31: exit
2024/04/14 08:39:32 [notice] 33#33: exit
2024/04/14 08:39:32 [notice] 34#34: exit
2024/04/14 08:39:32 [notice] 1#1: signal 17 (SIGCHLD) received from 31
2024/04/14 08:39:32 [notice] 1#1: worker process 31 exited with code 0
2024/04/14 08:39:32 [notice] 1#1: signal 29 (SIGIO) received
2024/04/14 08:39:32 [notice] 1#1: signal 17 (SIGCHLD) received from 33
2024/04/14 08:39:32 [notice] 1#1: worker process 33 exited with code 0
2024/04/14 08:39:32 [notice] 1#1: signal 29 (SIGIO) received
2024/04/14 08:39:32 [notice] 1#1: signal 17 (SIGCHLD) received from 32
2024/04/14 08:39:32 [notice] 1#1: worker process 32 exited with code 0
2024/04/14 08:39:32 [notice] 1#1: signal 29 (SIGIO) received
2024/04/14 08:39:32 [notice] 1#1: signal 17 (SIGCHLD) received from 28
2024/04/14 08:39:32 [notice] 1#1: worker process 28 exited with code 0
2024/04/14 08:39:32 [notice] 1#1: signal 29 (SIGIO) received
2024/04/14 08:39:33 [notice] 1#1: signal 17 (SIGCHLD) received from 35
2024/04/14 08:39:33 [notice] 1#1: worker process 30 exited with code 0
2024/04/14 08:39:33 [notice] 1#1: worker process 34 exited with code 0
2024/04/14 08:39:33 [notice] 1#1: worker process 35 exited with code 0
2024/04/14 08:39:33 [notice] 1#1: signal 29 (SIGIO) received
2024/04/14 08:39:33 [notice] 1#1: signal 17 (SIGCHLD) received from 34
2024/04/14 08:40:58 [emerg] 1#1: unexpected end of file, expecting "}" in /etc/nginx/conf.d/www-blog.conf:101
2024/04/14 08:42:20 [notice] 1#1: using the "epoll" event method
2024/04/14 08:42:20 [notice] 1#1: nginx/1.25.4
2024/04/14 08:42:20 [notice] 1#1: built by gcc 12.2.0 (Debian 12.2.0-14) 
2024/04/14 08:42:20 [notice] 1#1: OS: Linux 5.10.102.1-microsoft-standard-WSL2
2024/04/14 08:42:20 [notice] 1#1: getrlimit(RLIMIT_NOFILE): 1048576:1048576
2024/04/14 08:42:20 [notice] 1#1: start worker processes
2024/04/14 08:42:20 [notice] 1#1: start worker process 28
2024/04/14 08:42:20 [notice] 1#1: start worker process 29
2024/04/14 08:42:20 [notice] 1#1: start worker process 30
2024/04/14 08:42:20 [notice] 1#1: start worker process 31
2024/04/14 08:42:20 [notice] 1#1: start worker process 32
2024/04/14 08:42:20 [notice] 1#1: start worker process 33
2024/04/14 08:42:20 [notice] 1#1: start worker process 34
2024/04/14 08:42:20 [notice] 1#1: start worker process 35
2024/04/14 08:46:31 [notice] 1#1: signal 3 (SIGQUIT) received, shutting down
2024/04/14 08:46:31 [notice] 28#28: gracefully shutting down
2024/04/14 08:46:31 [notice] 30#30: gracefully shutting down
2024/04/14 08:46:31 [notice] 29#29: gracefully shutting down
2024/04/14 08:46:31 [notice] 31#31: gracefully shutting down
2024/04/14 08:46:31 [notice] 32#32: gracefully shutting down
2024/04/14 08:46:31 [notice] 33#33: gracefully shutting down
2024/04/14 08:46:31 [notice] 33#33: exiting
2024/04/14 08:46:31 [notice] 34#34: gracefully shutting down
2024/04/14 08:46:31 [notice] 35#35: gracefully shutting down
2024/04/14 08:46:31 [notice] 28#28: exiting
2024/04/14 08:46:31 [notice] 30#30: exiting
2024/04/14 08:46:31 [notice] 29#29: exiting
2024/04/14 08:46:31 [notice] 31#31: exiting
2024/04/14 08:46:31 [notice] 32#32: exiting
2024/04/14 08:46:31 [notice] 33#33: exit
2024/04/14 08:46:31 [notice] 34#34: exiting
2024/04/14 08:46:31 [notice] 35#35: exiting
2024/04/14 08:46:31 [notice] 28#28: exit
2024/04/14 08:46:31 [notice] 30#30: exit
2024/04/14 08:46:31 [notice] 29#29: exit
2024/04/14 08:46:31 [notice] 31#31: exit
2024/04/14 08:46:31 [notice] 32#32: exit
2024/04/14 08:46:31 [notice] 34#34: exit
2024/04/14 08:46:31 [notice] 35#35: exit
2024/04/14 08:46:31 [notice] 1#1: signal 17 (SIGCHLD) received from 31
2024/04/14 08:46:31 [notice] 1#1: worker process 28 exited with code 0
2024/04/14 08:46:31 [notice] 1#1: worker process 29 exited with code 0
2024/04/14 08:46:31 [notice] 1#1: worker process 31 exited with code 0
2024/04/14 08:46:31 [notice] 1#1: worker process 35 exited with code 0
2024/04/14 08:46:31 [notice] 1#1: signal 29 (SIGIO) received
2024/04/14 08:46:31 [notice] 1#1: signal 17 (SIGCHLD) received from 35
2024/04/14 08:46:31 [notice] 1#1: signal 17 (SIGCHLD) received from 34
2024/04/14 08:46:31 [notice] 1#1: worker process 34 exited with code 0
2024/04/14 08:46:31 [notice] 1#1: signal 29 (SIGIO) received
2024/04/14 08:46:31 [notice] 1#1: signal 17 (SIGCHLD) received from 32
2024/04/14 08:46:31 [notice] 1#1: worker process 32 exited with code 0
2024/04/14 08:46:31 [notice] 1#1: worker process 33 exited with code 0
2024/04/14 08:46:31 [notice] 1#1: signal 29 (SIGIO) received
2024/04/14 08:46:31 [notice] 1#1: signal 17 (SIGCHLD) received from 33
2024/04/14 08:46:31 [notice] 1#1: signal 17 (SIGCHLD) received from 30
2024/04/14 08:46:31 [notice] 1#1: worker process 30 exited with code 0
2024/04/14 08:46:31 [notice] 1#1: exit
2024/04/14 09:06:25 [notice] 1#1: using the "epoll" event method
2024/04/14 09:06:25 [notice] 1#1: nginx/1.25.4
2024/04/14 09:06:25 [notice] 1#1: built by gcc 12.2.0 (Debian 12.2.0-14) 
2024/04/14 09:06:25 [notice] 1#1: OS: Linux 5.10.102.1-microsoft-standard-WSL2
2024/04/14 09:06:25 [notice] 1#1: getrlimit(RLIMIT_NOFILE): 1048576:1048576
2024/04/14 09:06:25 [notice] 1#1: start worker processes
2024/04/14 09:06:25 [notice] 1#1: start worker process 28
2024/04/14 09:06:25 [notice] 1#1: start worker process 29
2024/04/14 09:06:25 [notice] 1#1: start worker process 30
2024/04/14 09:06:25 [notice] 1#1: start worker process 31
2024/04/14 09:06:25 [notice] 1#1: start worker process 32
2024/04/14 09:06:25 [notice] 1#1: start worker process 33
2024/04/14 09:06:25 [notice] 1#1: start worker process 34
2024/04/14 09:06:25 [notice] 1#1: start worker process 35
2024/04/14 09:12:15 [notice] 1#1: signal 3 (SIGQUIT) received, shutting down
2024/04/14 09:12:15 [notice] 28#28: gracefully shutting down
2024/04/14 09:12:15 [notice] 28#28: exiting
2024/04/14 09:12:15 [notice] 29#29: gracefully shutting down
2024/04/14 09:12:15 [notice] 29#29: exiting
2024/04/14 09:12:15 [notice] 30#30: gracefully shutting down
2024/04/14 09:12:15 [notice] 32#32: gracefully shutting down
2024/04/14 09:12:15 [notice] 31#31: gracefully shutting down
2024/04/14 09:12:15 [notice] 33#33: gracefully shutting down
2024/04/14 09:12:15 [notice] 34#34: gracefully shutting down
2024/04/14 09:12:15 [notice] 34#34: exiting
2024/04/14 09:12:15 [notice] 35#35: gracefully shutting down
2024/04/14 09:12:15 [notice] 35#35: exiting
2024/04/14 09:12:15 [notice] 28#28: exit
2024/04/14 09:12:15 [notice] 29#29: exit
2024/04/14 09:12:15 [notice] 30#30: exiting
2024/04/14 09:12:15 [notice] 32#32: exiting
2024/04/14 09:12:15 [notice] 31#31: exiting
2024/04/14 09:12:15 [notice] 33#33: exiting
2024/04/14 09:12:15 [notice] 34#34: exit
2024/04/14 09:12:15 [notice] 35#35: exit
2024/04/14 09:12:15 [notice] 30#30: exit
2024/04/14 09:12:15 [notice] 32#32: exit
2024/04/14 09:12:15 [notice] 31#31: exit
2024/04/14 09:12:15 [notice] 33#33: exit
2024/04/14 09:12:16 [notice] 1#1: signal 17 (SIGCHLD) received from 29
2024/04/14 09:12:16 [notice] 1#1: worker process 29 exited with code 0
2024/04/14 09:12:16 [notice] 1#1: worker process 31 exited with code 0
2024/04/14 09:12:16 [notice] 1#1: signal 29 (SIGIO) received
2024/04/14 09:12:16 [notice] 1#1: signal 17 (SIGCHLD) received from 34
2024/04/14 09:12:16 [notice] 1#1: worker process 30 exited with code 0
2024/04/14 09:12:16 [notice] 1#1: worker process 34 exited with code 0
2024/04/14 09:12:16 [notice] 1#1: signal 29 (SIGIO) received
2024/04/14 09:12:16 [notice] 1#1: signal 17 (SIGCHLD) received from 35
2024/04/14 09:12:16 [notice] 1#1: worker process 28 exited with code 0
2024/04/14 09:12:16 [notice] 1#1: worker process 32 exited with code 0
2024/04/14 09:12:16 [notice] 1#1: worker process 35 exited with code 0
2024/04/14 09:12:16 [notice] 1#1: signal 29 (SIGIO) received
2024/04/14 09:12:16 [notice] 1#1: signal 17 (SIGCHLD) received from 33
2024/04/14 09:12:16 [notice] 1#1: worker process 33 exited with code 0
2024/04/14 09:12:16 [notice] 1#1: exit
2024/04/14 09:12:24 [notice] 1#1: using the "epoll" event method
2024/04/14 09:12:24 [notice] 1#1: nginx/1.25.4
2024/04/14 09:12:24 [notice] 1#1: built by gcc 12.2.0 (Debian 12.2.0-14) 
2024/04/14 09:12:24 [notice] 1#1: OS: Linux 5.10.102.1-microsoft-standard-WSL2
2024/04/14 09:12:24 [notice] 1#1: getrlimit(RLIMIT_NOFILE): 1048576:1048576
2024/04/14 09:12:24 [notice] 1#1: start worker processes
2024/04/14 09:12:24 [notice] 1#1: start worker process 29
2024/04/14 09:12:24 [notice] 1#1: start worker process 30
2024/04/14 09:12:24 [notice] 1#1: start worker process 31
2024/04/14 09:12:24 [notice] 1#1: start worker process 32
2024/04/14 09:12:24 [notice] 1#1: start worker process 33
2024/04/14 09:12:24 [notice] 1#1: start worker process 34
2024/04/14 09:12:24 [notice] 1#1: start worker process 35
2024/04/14 09:12:24 [notice] 1#1: start worker process 36
2024/04/14 09:12:55 [notice] 1#1: signal 3 (SIGQUIT) received, shutting down
2024/04/14 09:12:55 [notice] 30#30: gracefully shutting down
2024/04/14 09:12:55 [notice] 29#29: gracefully shutting down
2024/04/14 09:12:55 [notice] 29#29: exiting
2024/04/14 09:12:55 [notice] 31#31: gracefully shutting down
2024/04/14 09:12:55 [notice] 33#33: gracefully shutting down
2024/04/14 09:12:55 [notice] 34#34: gracefully shutting down
2024/04/14 09:12:55 [notice] 35#35: gracefully shutting down
2024/04/14 09:12:55 [notice] 32#32: gracefully shutting down
2024/04/14 09:12:55 [notice] 36#36: gracefully shutting down
2024/04/14 09:12:55 [notice] 29#29: exit
2024/04/14 09:12:55 [notice] 31#31: exiting
2024/04/14 09:12:55 [notice] 33#33: exiting
2024/04/14 09:12:55 [notice] 34#34: exiting
2024/04/14 09:12:55 [notice] 35#35: exiting
2024/04/14 09:12:55 [notice] 32#32: exiting
2024/04/14 09:12:55 [notice] 36#36: exiting
2024/04/14 09:12:55 [notice] 31#31: exit
2024/04/14 09:12:55 [notice] 33#33: exit
2024/04/14 09:12:55 [notice] 34#34: exit
2024/04/14 09:12:55 [notice] 35#35: exit
2024/04/14 09:12:55 [notice] 32#32: exit
2024/04/14 09:12:55 [notice] 36#36: exit
2024/04/14 09:12:56 [notice] 1#1: signal 17 (SIGCHLD) received from 36
2024/04/14 09:12:56 [notice] 1#1: worker process 36 exited with code 0
2024/04/14 09:12:56 [notice] 1#1: signal 29 (SIGIO) received
2024/04/14 09:12:56 [notice] 1#1: signal 17 (SIGCHLD) received from 32
2024/04/14 09:12:56 [notice] 1#1: worker process 32 exited with code 0
2024/04/14 09:12:56 [notice] 1#1: signal 29 (SIGIO) received
2024/04/14 09:12:56 [notice] 1#1: signal 17 (SIGCHLD) received from 29
2024/04/14 09:12:56 [notice] 1#1: worker process 29 exited with code 0
2024/04/14 09:12:56 [notice] 1#1: worker process 33 exited with code 0
2024/04/14 09:12:56 [notice] 1#1: worker process 34 exited with code 0
2024/04/14 09:12:56 [notice] 1#1: worker process 35 exited with code 0
2024/04/14 09:12:56 [notice] 1#1: signal 29 (SIGIO) received
2024/04/14 09:12:56 [notice] 1#1: signal 17 (SIGCHLD) received from 31
2024/04/14 09:12:56 [notice] 1#1: worker process 31 exited with code 0
2024/04/14 09:12:56 [notice] 1#1: signal 29 (SIGIO) received
2024/04/14 09:13:20 [notice] 1#1: using the "epoll" event method
2024/04/14 09:13:20 [notice] 1#1: nginx/1.25.4
2024/04/14 09:13:20 [notice] 1#1: built by gcc 12.2.0 (Debian 12.2.0-14) 
2024/04/14 09:13:20 [notice] 1#1: OS: Linux 5.10.102.1-microsoft-standard-WSL2
2024/04/14 09:13:20 [notice] 1#1: getrlimit(RLIMIT_NOFILE): 1048576:1048576
2024/04/14 09:13:20 [notice] 1#1: start worker processes
2024/04/14 09:13:20 [notice] 1#1: start worker process 28
2024/04/14 09:13:20 [notice] 1#1: start worker process 29
2024/04/14 09:13:20 [notice] 1#1: start worker process 30
2024/04/14 09:13:20 [notice] 1#1: start worker process 31
2024/04/14 09:13:20 [notice] 1#1: start worker process 32
2024/04/14 09:13:20 [notice] 1#1: start worker process 33
2024/04/14 09:13:20 [notice] 1#1: start worker process 34
2024/04/14 09:13:20 [notice] 1#1: start worker process 35
2024/04/14 09:19:46 [notice] 1#1: signal 3 (SIGQUIT) received, shutting down
2024/04/14 09:19:46 [notice] 28#28: gracefully shutting down
2024/04/14 09:19:46 [notice] 29#29: gracefully shutting down
2024/04/14 09:19:46 [notice] 30#30: gracefully shutting down
2024/04/14 09:19:46 [notice] 31#31: gracefully shutting down
2024/04/14 09:19:46 [notice] 32#32: gracefully shutting down
2024/04/14 09:19:46 [notice] 33#33: gracefully shutting down
2024/04/14 09:19:46 [notice] 34#34: gracefully shutting down
2024/04/14 09:19:46 [notice] 35#35: gracefully shutting down
2024/04/14 09:19:46 [notice] 28#28: exiting
2024/04/14 09:19:46 [notice] 29#29: exiting
2024/04/14 09:19:46 [notice] 30#30: exiting
2024/04/14 09:19:46 [notice] 31#31: exiting
2024/04/14 09:19:46 [notice] 32#32: exiting
2024/04/14 09:19:46 [notice] 33#33: exiting
2024/04/14 09:19:46 [notice] 34#34: exiting
2024/04/14 09:19:46 [notice] 35#35: exiting
2024/04/14 09:19:46 [notice] 28#28: exit
2024/04/14 09:19:46 [notice] 29#29: exit
2024/04/14 09:19:46 [notice] 30#30: exit
2024/04/14 09:19:46 [notice] 31#31: exit
2024/04/14 09:19:46 [notice] 32#32: exit
2024/04/14 09:19:46 [notice] 33#33: exit
2024/04/14 09:19:46 [notice] 34#34: exit
2024/04/14 09:19:46 [notice] 35#35: exit
2024/04/14 09:19:46 [notice] 1#1: signal 17 (SIGCHLD) received from 34
2024/04/14 09:19:46 [notice] 1#1: worker process 30 exited with code 0
2024/04/14 09:19:46 [notice] 1#1: worker process 34 exited with code 0
2024/04/14 09:19:46 [notice] 1#1: signal 29 (SIGIO) received
2024/04/14 09:19:46 [notice] 1#1: signal 17 (SIGCHLD) received from 28
2024/04/14 09:19:46 [notice] 1#1: worker process 28 exited with code 0
2024/04/14 09:19:46 [notice] 1#1: worker process 29 exited with code 0
2024/04/14 09:19:46 [notice] 1#1: worker process 32 exited with code 0
2024/04/14 09:19:46 [notice] 1#1: worker process 33 exited with code 0
2024/04/14 09:19:46 [notice] 1#1: worker process 35 exited with code 0
2024/04/14 09:19:46 [notice] 1#1: signal 29 (SIGIO) received
2024/04/14 09:19:46 [notice] 1#1: signal 17 (SIGCHLD) received from 29
2024/04/14 09:19:46 [notice] 1#1: signal 17 (SIGCHLD) received from 31
2024/04/14 09:19:46 [notice] 1#1: worker process 31 exited with code 0
2024/04/14 09:19:46 [notice] 1#1: exit
2024/04/14 09:22:11 [notice] 1#1: using the "epoll" event method
2024/04/14 09:22:11 [notice] 1#1: nginx/1.25.4
2024/04/14 09:22:11 [notice] 1#1: built by gcc 12.2.0 (Debian 12.2.0-14) 
2024/04/14 09:22:11 [notice] 1#1: OS: Linux 5.10.102.1-microsoft-standard-WSL2
2024/04/14 09:22:11 [notice] 1#1: getrlimit(RLIMIT_NOFILE): 1048576:1048576
2024/04/14 09:22:11 [notice] 1#1: start worker processes
2024/04/14 09:22:11 [notice] 1#1: start worker process 28
2024/04/14 09:22:11 [notice] 1#1: start worker process 29
2024/04/14 09:22:11 [notice] 1#1: start worker process 30
2024/04/14 09:22:11 [notice] 1#1: start worker process 31
2024/04/14 09:22:11 [notice] 1#1: start worker process 32
2024/04/14 09:22:11 [notice] 1#1: start worker process 33
2024/04/14 09:22:11 [notice] 1#1: start worker process 34
2024/04/14 09:22:11 [notice] 1#1: start worker process 35
2024/04/14 09:24:12 [notice] 1#1: signal 3 (SIGQUIT) received, shutting down
2024/04/14 09:24:12 [notice] 28#28: gracefully shutting down
2024/04/14 09:24:12 [notice] 29#29: gracefully shutting down
2024/04/14 09:24:12 [notice] 30#30: gracefully shutting down
2024/04/14 09:24:12 [notice] 31#31: gracefully shutting down
2024/04/14 09:24:12 [notice] 32#32: gracefully shutting down
2024/04/14 09:24:12 [notice] 34#34: gracefully shutting down
2024/04/14 09:24:12 [notice] 35#35: gracefully shutting down
2024/04/14 09:24:12 [notice] 33#33: gracefully shutting down
2024/04/14 09:24:12 [notice] 28#28: exiting
2024/04/14 09:24:12 [notice] 29#29: exiting
2024/04/14 09:24:12 [notice] 31#31: exiting
2024/04/14 09:24:12 [notice] 32#32: exiting
2024/04/14 09:24:12 [notice] 34#34: exiting
2024/04/14 09:24:12 [notice] 35#35: exiting
2024/04/14 09:24:12 [notice] 33#33: exiting
2024/04/14 09:24:12 [notice] 28#28: exit
2024/04/14 09:24:12 [notice] 29#29: exit
2024/04/14 09:24:12 [notice] 31#31: exit
2024/04/14 09:24:12 [notice] 32#32: exit
2024/04/14 09:24:12 [notice] 34#34: exit
2024/04/14 09:24:12 [notice] 35#35: exit
2024/04/14 09:24:12 [notice] 33#33: exit
2024/04/14 09:24:12 [notice] 1#1: signal 17 (SIGCHLD) received from 29
2024/04/14 09:24:12 [notice] 1#1: worker process 28 exited with code 0
2024/04/14 09:24:12 [notice] 1#1: worker process 29 exited with code 0
2024/04/14 09:24:12 [notice] 1#1: worker process 31 exited with code 0
2024/04/14 09:24:12 [notice] 1#1: worker process 32 exited with code 0
2024/04/14 09:24:12 [notice] 1#1: worker process 33 exited with code 0
2024/04/14 09:24:12 [notice] 1#1: worker process 34 exited with code 0
2024/04/14 09:24:12 [notice] 1#1: worker process 35 exited with code 0
2024/04/14 09:24:12 [notice] 1#1: signal 29 (SIGIO) received
2024/04/14 09:25:30 [notice] 1#1: using the "epoll" event method
2024/04/14 09:25:30 [notice] 1#1: nginx/1.25.4
2024/04/14 09:25:30 [notice] 1#1: built by gcc 12.2.0 (Debian 12.2.0-14) 
2024/04/14 09:25:30 [notice] 1#1: OS: Linux 5.10.102.1-microsoft-standard-WSL2
2024/04/14 09:25:30 [notice] 1#1: getrlimit(RLIMIT_NOFILE): 1048576:1048576
2024/04/14 09:25:30 [notice] 1#1: start worker processes
2024/04/14 09:25:30 [notice] 1#1: start worker process 28
2024/04/14 09:25:30 [notice] 1#1: start worker process 29
2024/04/14 09:25:30 [notice] 1#1: start worker process 30
2024/04/14 09:25:30 [notice] 1#1: start worker process 31
2024/04/14 09:25:30 [notice] 1#1: start worker process 32
2024/04/14 09:25:30 [notice] 1#1: start worker process 33
2024/04/14 09:25:30 [notice] 1#1: start worker process 34
2024/04/14 09:25:30 [notice] 1#1: start worker process 35
2024/04/14 09:26:12 [notice] 1#1: signal 3 (SIGQUIT) received, shutting down
2024/04/14 09:26:12 [notice] 28#28: gracefully shutting down
2024/04/14 09:26:12 [notice] 29#29: gracefully shutting down
2024/04/14 09:26:12 [notice] 30#30: gracefully shutting down
2024/04/14 09:26:12 [notice] 31#31: gracefully shutting down
2024/04/14 09:26:12 [notice] 32#32: gracefully shutting down
2024/04/14 09:26:12 [notice] 33#33: gracefully shutting down
2024/04/14 09:26:12 [notice] 34#34: gracefully shutting down
2024/04/14 09:26:12 [notice] 35#35: gracefully shutting down
2024/04/14 09:26:12 [notice] 29#29: exiting
2024/04/14 09:26:12 [notice] 30#30: exiting
2024/04/14 09:26:12 [notice] 31#31: exiting
2024/04/14 09:26:12 [notice] 32#32: exiting
2024/04/14 09:26:12 [notice] 33#33: exiting
2024/04/14 09:26:12 [notice] 34#34: exiting
2024/04/14 09:26:12 [notice] 35#35: exiting
2024/04/14 09:26:12 [notice] 29#29: exit
2024/04/14 09:26:12 [notice] 30#30: exit
2024/04/14 09:26:12 [notice] 31#31: exit
2024/04/14 09:26:12 [notice] 32#32: exit
2024/04/14 09:26:12 [notice] 33#33: exit
2024/04/14 09:26:12 [notice] 34#34: exit
2024/04/14 09:26:12 [notice] 35#35: exit
2024/04/14 09:26:12 [notice] 1#1: signal 17 (SIGCHLD) received from 34
2024/04/14 09:26:12 [notice] 1#1: worker process 30 exited with code 0
2024/04/14 09:26:12 [notice] 1#1: worker process 34 exited with code 0
2024/04/14 09:26:12 [notice] 1#1: signal 29 (SIGIO) received
2024/04/14 09:26:12 [notice] 1#1: signal 17 (SIGCHLD) received from 32
2024/04/14 09:26:12 [notice] 1#1: worker process 32 exited with code 0
2024/04/14 09:26:12 [notice] 1#1: signal 29 (SIGIO) received
2024/04/14 09:26:12 [notice] 1#1: signal 17 (SIGCHLD) received from 33
2024/04/14 09:26:12 [notice] 1#1: worker process 33 exited with code 0
2024/04/14 09:26:12 [notice] 1#1: signal 29 (SIGIO) received
2024/04/14 09:26:12 [notice] 1#1: signal 17 (SIGCHLD) received from 29
2024/04/14 09:26:12 [notice] 1#1: worker process 29 exited with code 0
2024/04/14 09:26:12 [notice] 1#1: worker process 31 exited with code 0
2024/04/14 09:26:12 [notice] 1#1: worker process 35 exited with code 0
2024/04/14 09:26:12 [notice] 1#1: signal 29 (SIGIO) received
2024/04/14 09:26:28 [notice] 1#1: using the "epoll" event method
2024/04/14 09:26:28 [notice] 1#1: nginx/1.25.4
2024/04/14 09:26:28 [notice] 1#1: built by gcc 12.2.0 (Debian 12.2.0-14) 
2024/04/14 09:26:28 [notice] 1#1: OS: Linux 5.10.102.1-microsoft-standard-WSL2
2024/04/14 09:26:28 [notice] 1#1: getrlimit(RLIMIT_NOFILE): 1048576:1048576
2024/04/14 09:26:28 [notice] 1#1: start worker processes
2024/04/14 09:26:28 [notice] 1#1: start worker process 28
2024/04/14 09:26:28 [notice] 1#1: start worker process 29
2024/04/14 09:26:28 [notice] 1#1: start worker process 30
2024/04/14 09:26:28 [notice] 1#1: start worker process 31
2024/04/14 09:26:28 [notice] 1#1: start worker process 32
2024/04/14 09:26:28 [notice] 1#1: start worker process 33
2024/04/14 09:26:28 [notice] 1#1: start worker process 34
2024/04/14 09:26:28 [notice] 1#1: start worker process 35
2024/04/14 09:29:28 [notice] 1#1: signal 3 (SIGQUIT) received, shutting down
2024/04/14 09:29:28 [notice] 28#28: gracefully shutting down
2024/04/14 09:29:28 [notice] 35#35: gracefully shutting down
2024/04/14 09:29:28 [notice] 29#29: gracefully shutting down
2024/04/14 09:29:28 [notice] 30#30: gracefully shutting down
2024/04/14 09:29:28 [notice] 31#31: gracefully shutting down
2024/04/14 09:29:28 [notice] 32#32: gracefully shutting down
2024/04/14 09:29:28 [notice] 33#33: gracefully shutting down
2024/04/14 09:29:28 [notice] 34#34: gracefully shutting down
2024/04/14 09:29:28 [notice] 28#28: exiting
2024/04/14 09:29:28 [notice] 35#35: exiting
2024/04/14 09:29:28 [notice] 29#29: exiting
2024/04/14 09:29:28 [notice] 30#30: exiting
2024/04/14 09:29:28 [notice] 31#31: exiting
2024/04/14 09:29:28 [notice] 32#32: exiting
2024/04/14 09:29:28 [notice] 33#33: exiting
2024/04/14 09:29:28 [notice] 28#28: exit
2024/04/14 09:29:28 [notice] 35#35: exit
2024/04/14 09:29:28 [notice] 29#29: exit
2024/04/14 09:29:28 [notice] 30#30: exit
2024/04/14 09:29:28 [notice] 31#31: exit
2024/04/14 09:29:28 [notice] 32#32: exit
2024/04/14 09:29:28 [notice] 33#33: exit
2024/04/14 09:29:28 [notice] 1#1: signal 17 (SIGCHLD) received from 35
2024/04/14 09:29:28 [notice] 1#1: worker process 35 exited with code 0
2024/04/14 09:29:28 [notice] 1#1: signal 29 (SIGIO) received
2024/04/14 09:29:28 [notice] 1#1: signal 17 (SIGCHLD) received from 30
2024/04/14 09:29:28 [notice] 1#1: worker process 30 exited with code 0
2024/04/14 09:29:28 [notice] 1#1: worker process 33 exited with code 0
2024/04/14 09:29:28 [notice] 1#1: signal 29 (SIGIO) received
2024/04/14 09:29:28 [notice] 1#1: signal 17 (SIGCHLD) received from 29
2024/04/14 09:29:28 [notice] 1#1: worker process 29 exited with code 0
2024/04/14 09:29:28 [notice] 1#1: worker process 31 exited with code 0
2024/04/14 09:29:28 [notice] 1#1: signal 29 (SIGIO) received
2024/04/14 09:29:28 [notice] 1#1: signal 17 (SIGCHLD) received from 32
2024/04/14 09:29:28 [notice] 1#1: worker process 32 exited with code 0
2024/04/14 09:29:28 [notice] 1#1: signal 29 (SIGIO) received
2024/04/14 09:29:28 [notice] 1#1: signal 17 (SIGCHLD) received from 28
2024/04/14 09:29:28 [notice] 1#1: worker process 28 exited with code 0
2024/04/14 09:29:28 [notice] 1#1: signal 29 (SIGIO) received
2024/04/14 09:29:51 [notice] 1#1: using the "epoll" event method
2024/04/14 09:29:51 [notice] 1#1: nginx/1.25.4
2024/04/14 09:29:51 [notice] 1#1: built by gcc 12.2.0 (Debian 12.2.0-14) 
2024/04/14 09:29:51 [notice] 1#1: OS: Linux 5.10.102.1-microsoft-standard-WSL2
2024/04/14 09:29:51 [notice] 1#1: getrlimit(RLIMIT_NOFILE): 1048576:1048576
2024/04/14 09:29:51 [notice] 1#1: start worker processes
2024/04/14 09:29:51 [notice] 1#1: start worker process 28
2024/04/14 09:29:51 [notice] 1#1: start worker process 29
2024/04/14 09:29:51 [notice] 1#1: start worker process 30
2024/04/14 09:29:51 [notice] 1#1: start worker process 31
2024/04/14 09:29:51 [notice] 1#1: start worker process 32
2024/04/14 09:29:51 [notice] 1#1: start worker process 33
2024/04/14 09:29:51 [notice] 1#1: start worker process 34
2024/04/14 09:29:51 [notice] 1#1: start worker process 35
2024/04/14 09:37:11 [notice] 1#1: signal 3 (SIGQUIT) received, shutting down
2024/04/14 09:37:11 [notice] 28#28: gracefully shutting down
2024/04/14 09:37:11 [notice] 30#30: gracefully shutting down
2024/04/14 09:37:11 [notice] 29#29: gracefully shutting down
2024/04/14 09:37:11 [notice] 32#32: gracefully shutting down
2024/04/14 09:37:11 [notice] 33#33: gracefully shutting down
2024/04/14 09:37:11 [notice] 31#31: gracefully shutting down
2024/04/14 09:37:11 [notice] 34#34: gracefully shutting down
2024/04/14 09:37:11 [notice] 34#34: exiting
2024/04/14 09:37:11 [notice] 35#35: gracefully shutting down
2024/04/14 09:37:11 [notice] 28#28: exiting
2024/04/14 09:37:11 [notice] 30#30: exiting
2024/04/14 09:37:11 [notice] 29#29: exiting
2024/04/14 09:37:11 [notice] 32#32: exiting
2024/04/14 09:37:11 [notice] 33#33: exiting
2024/04/14 09:37:11 [notice] 31#31: exiting
2024/04/14 09:37:11 [notice] 34#34: exit
2024/04/14 09:37:11 [notice] 35#35: exiting
2024/04/14 09:37:11 [notice] 28#28: exit
2024/04/14 09:37:11 [notice] 30#30: exit
2024/04/14 09:37:11 [notice] 29#29: exit
2024/04/14 09:37:11 [notice] 32#32: exit
2024/04/14 09:37:11 [notice] 33#33: exit
2024/04/14 09:37:11 [notice] 31#31: exit
2024/04/14 09:37:11 [notice] 35#35: exit
2024/04/14 09:37:11 [notice] 1#1: signal 17 (SIGCHLD) received from 30
2024/04/14 09:37:11 [notice] 1#1: worker process 30 exited with code 0
2024/04/14 09:37:11 [notice] 1#1: signal 29 (SIGIO) received
2024/04/14 09:37:11 [notice] 1#1: signal 17 (SIGCHLD) received from 34
2024/04/14 09:37:11 [notice] 1#1: worker process 34 exited with code 0
2024/04/14 09:37:11 [notice] 1#1: signal 29 (SIGIO) received
2024/04/14 09:37:11 [notice] 1#1: signal 17 (SIGCHLD) received from 31
2024/04/14 09:37:11 [notice] 1#1: worker process 28 exited with code 0
2024/04/14 09:37:11 [notice] 1#1: worker process 31 exited with code 0
2024/04/14 09:37:11 [notice] 1#1: worker process 33 exited with code 0
2024/04/14 09:37:11 [notice] 1#1: signal 29 (SIGIO) received
2024/04/14 09:37:11 [notice] 1#1: signal 17 (SIGCHLD) received from 29
2024/04/14 09:37:11 [notice] 1#1: worker process 29 exited with code 0
2024/04/14 09:37:11 [notice] 1#1: worker process 35 exited with code 0
2024/04/14 09:37:11 [notice] 1#1: signal 29 (SIGIO) received
2024/04/14 09:37:11 [notice] 1#1: signal 17 (SIGCHLD) received from 32
2024/04/14 09:37:11 [notice] 1#1: worker process 32 exited with code 0
2024/04/14 09:37:11 [notice] 1#1: exit
2024/04/14 09:37:45 [notice] 1#1: using the "epoll" event method
2024/04/14 09:37:45 [notice] 1#1: nginx/1.25.4
2024/04/14 09:37:45 [notice] 1#1: built by gcc 12.2.0 (Debian 12.2.0-14) 
2024/04/14 09:37:45 [notice] 1#1: OS: Linux 5.10.102.1-microsoft-standard-WSL2
2024/04/14 09:37:45 [notice] 1#1: getrlimit(RLIMIT_NOFILE): 1048576:1048576
2024/04/14 09:37:45 [notice] 1#1: start worker processes
2024/04/14 09:37:45 [notice] 1#1: start worker process 28
2024/04/14 09:37:45 [notice] 1#1: start worker process 29
2024/04/14 09:37:45 [notice] 1#1: start worker process 30
2024/04/14 09:37:45 [notice] 1#1: start worker process 31
2024/04/14 09:37:45 [notice] 1#1: start worker process 32
2024/04/14 09:37:45 [notice] 1#1: start worker process 33
2024/04/14 09:37:45 [notice] 1#1: start worker process 34
2024/04/14 09:37:45 [notice] 1#1: start worker process 35
2024/04/14 09:39:39 [notice] 1#1: signal 3 (SIGQUIT) received, shutting down
2024/04/14 09:39:39 [notice] 28#28: gracefully shutting down
2024/04/14 09:39:39 [notice] 35#35: gracefully shutting down
2024/04/14 09:39:39 [notice] 29#29: gracefully shutting down
2024/04/14 09:39:39 [notice] 31#31: gracefully shutting down
2024/04/14 09:39:39 [notice] 30#30: gracefully shutting down
2024/04/14 09:39:39 [notice] 32#32: gracefully shutting down
2024/04/14 09:39:39 [notice] 34#34: gracefully shutting down
2024/04/14 09:39:39 [notice] 33#33: gracefully shutting down
2024/04/14 09:39:39 [notice] 28#28: exiting
2024/04/14 09:39:39 [notice] 35#35: exiting
2024/04/14 09:39:39 [notice] 29#29: exiting
2024/04/14 09:39:39 [notice] 31#31: exiting
2024/04/14 09:39:39 [notice] 30#30: exiting
2024/04/14 09:39:39 [notice] 32#32: exiting
2024/04/14 09:39:39 [notice] 34#34: exiting
2024/04/14 09:39:39 [notice] 33#33: exiting
2024/04/14 09:39:39 [notice] 28#28: exit
2024/04/14 09:39:39 [notice] 35#35: exit
2024/04/14 09:39:39 [notice] 29#29: exit
2024/04/14 09:39:39 [notice] 31#31: exit
2024/04/14 09:39:39 [notice] 30#30: exit
2024/04/14 09:39:39 [notice] 32#32: exit
2024/04/14 09:39:39 [notice] 34#34: exit
2024/04/14 09:39:39 [notice] 33#33: exit
2024/04/14 09:39:39 [notice] 1#1: signal 17 (SIGCHLD) received from 30
2024/04/14 09:39:39 [notice] 1#1: worker process 29 exited with code 0
2024/04/14 09:39:39 [notice] 1#1: worker process 30 exited with code 0
2024/04/14 09:39:39 [notice] 1#1: worker process 34 exited with code 0
2024/04/14 09:39:39 [notice] 1#1: worker process 35 exited with code 0
2024/04/14 09:39:39 [notice] 1#1: signal 29 (SIGIO) received
2024/04/14 09:39:39 [notice] 1#1: signal 17 (SIGCHLD) received from 31
2024/04/14 09:39:39 [notice] 1#1: worker process 28 exited with code 0
2024/04/14 09:39:39 [notice] 1#1: worker process 31 exited with code 0
2024/04/14 09:39:39 [notice] 1#1: worker process 32 exited with code 0
2024/04/14 09:39:39 [notice] 1#1: worker process 33 exited with code 0
2024/04/14 09:39:39 [notice] 1#1: exit
